<?xml version="1.0" encoding="UTF-8"?>
<!-- Generated by org.testng.reporters.JUnitReportReporter -->
<testsuite ignored="0" hostname="Shashanks-MacBook-Pro.local" failures="0" tests="2" name="sashselenium.java.testng.FirstTestNG" time="3.814" errors="0" timestamp="16 Feb 2020 17:07:44 GMT" skipped="0">
  <testcase classname="sashselenium.java.testng.FirstTestNG" name="mysecondTestcase" time="0.001"/>
  <testcase classname="sashselenium.java.testng.FirstTestNG" name="myfirstTestcase" time="3.813"/>
</testsuite> <!-- sashselenium.java.testng.FirstTestNG -->
